<?xml version="1.0" encoding="UTF-8"?>
<coverage generated="1520531421597" clover="3.2.0">
  <project timestamp="1520531421598" name="All files">
    <metrics statements="49" coveredstatements="29" conditionals="4" coveredconditionals="2" methods="22" coveredmethods="9" elements="75" coveredelements="40" complexity="0" loc="49" ncloc="49" packages="2" files="5" classes="5">
      <package name="src">
        <metrics statements="48" coveredstatements="28" conditionals="4" coveredconditionals="2" methods="22" coveredmethods="9"/>
        <file name="App.js" path="/Users/matpind/workspace/react-cinema/src/App.js">
          <metrics statements="26" coveredstatements="10" conditionals="4" coveredconditionals="2" methods="14" coveredmethods="2"/>
          <line num="8" count="2" type="stmt"/>
          <line num="9" count="2" type="stmt"/>
          <line num="15" count="2" type="stmt"/>
          <line num="16" count="2" type="stmt"/>
          <line num="17" count="2" type="stmt"/>
          <line num="21" count="0" type="stmt"/>
          <line num="23" count="0" type="stmt"/>
          <line num="25" count="0" type="stmt"/>
          <line num="26" count="0" type="stmt"/>
          <line num="29" count="0" type="stmt"/>
          <line num="34" count="0" type="stmt"/>
          <line num="35" count="0" type="stmt"/>
          <line num="37" count="0" type="stmt"/>
          <line num="39" count="0" type="stmt"/>
          <line num="40" count="0" type="stmt"/>
          <line num="41" count="0" type="stmt"/>
          <line num="44" count="0" type="stmt"/>
          <line num="49" count="0" type="stmt"/>
          <line num="50" count="0" type="stmt"/>
          <line num="51" count="0" type="stmt"/>
          <line num="55" count="2" type="cond" truecount="1" falsecount="1"/>
          <line num="57" count="2" type="stmt"/>
          <line num="59" count="2" type="cond" truecount="1" falsecount="1"/>
          <line num="60" count="2" type="stmt"/>
          <line num="61" count="0" type="stmt"/>
          <line num="65" count="2" type="stmt"/>
        </file>
        <file name="MovieDetails.js" path="/Users/matpind/workspace/react-cinema/src/MovieDetails.js">
          <metrics statements="1" coveredstatements="1" conditionals="0" coveredconditionals="0" methods="1" coveredmethods="1"/>
          <line num="5" count="1" type="stmt"/>
        </file>
        <file name="Result.js" path="/Users/matpind/workspace/react-cinema/src/Result.js">
          <metrics statements="9" coveredstatements="5" conditionals="0" coveredconditionals="0" methods="3" coveredmethods="2"/>
          <line num="6" count="1" type="stmt"/>
          <line num="7" count="1" type="stmt"/>
          <line num="10" count="1" type="stmt"/>
          <line num="15" count="0" type="stmt"/>
          <line num="16" count="0" type="stmt"/>
          <line num="17" count="0" type="stmt"/>
          <line num="18" count="0" type="stmt"/>
          <line num="23" count="1" type="stmt"/>
          <line num="24" count="1" type="stmt"/>
        </file>
        <file name="SearchForm.js" path="/Users/matpind/workspace/react-cinema/src/SearchForm.js">
          <metrics statements="12" coveredstatements="12" conditionals="0" coveredconditionals="0" methods="4" coveredmethods="4"/>
          <line num="5" count="4" type="stmt"/>
          <line num="6" count="4" type="stmt"/>
          <line num="10" count="4" type="stmt"/>
          <line num="11" count="4" type="stmt"/>
          <line num="15" count="1" type="stmt"/>
          <line num="16" count="1" type="stmt"/>
          <line num="19" count="1" type="stmt"/>
          <line num="24" count="1" type="stmt"/>
          <line num="25" count="1" type="stmt"/>
          <line num="26" count="1" type="stmt"/>
          <line num="27" count="1" type="stmt"/>
          <line num="32" count="6" type="stmt"/>
        </file>
      </package>
      <package name="tests">
        <metrics statements="1" coveredstatements="1" conditionals="0" coveredconditionals="0" methods="0" coveredmethods="0"/>
        <file name="setup.js" path="/Users/matpind/workspace/react-cinema/tests/setup.js">
          <metrics statements="1" coveredstatements="1" conditionals="0" coveredconditionals="0" methods="0" coveredmethods="0"/>
          <line num="4" count="3" type="stmt"/>
        </file>
      </package>
    </metrics>
  </project>
</coverage>
