{"/Users/matpind/workspace/react-cinema/src/App.js": {"path":"/Users/matpind/workspace/react-cinema/src/App.js","statementMap":{"0":{"start":{"line":8,"column":4},"end":{"line":8,"column":17}},"1":{"start":{"line":9,"column":4},"end":{"line":13,"column":6}},"2":{"start":{"line":15,"column":4},"end":{"line":15,"column":67}},"3":{"start":{"line":16,"column":4},"end":{"line":16,"column":77}},"4":{"start":{"line":17,"column":4},"end":{"line":17,"column":49}},"5":{"start":{"line":21,"column":4},"end":{"line":30,"column":7}},"6":{"start":{"line":23,"column":5},"end":{"line":23,"column":27}},"7":{"start":{"line":25,"column":22},"end":{"line":25,"column":39}},"8":{"start":{"line":26,"column":5},"end":{"line":26,"column":42}},"9":{"start":{"line":29,"column":5},"end":{"line":29,"column":24}},"10":{"start":{"line":34,"column":23},"end":{"line":34,"column":48}},"11":{"start":{"line":35,"column":4},"end":{"line":45,"column":7}},"12":{"start":{"line":37,"column":5},"end":{"line":37,"column":27}},"13":{"start":{"line":39,"column":23},"end":{"line":39,"column":33}},"14":{"start":{"line":40,"column":5},"end":{"line":40,"column":46}},"15":{"start":{"line":41,"column":5},"end":{"line":41,"column":30}},"16":{"start":{"line":44,"column":5},"end":{"line":44,"column":24}},"17":{"start":{"line":49,"column":4},"end":{"line":51,"column":45}},"18":{"start":{"line":50,"column":22},"end":{"line":50,"column":37}},"19":{"start":{"line":51,"column":19},"end":{"line":51,"column":43}},"20":{"start":{"line":55,"column":18},"end":{"line":55,"column":77}},"21":{"start":{"line":57,"column":32},"end":{"line":57,"column":42}},"22":{"start":{"line":59,"column":22},"end":{"line":59,"column":86}},"23":{"start":{"line":60,"column":22},"end":{"line":62,"column":6}},"24":{"start":{"line":61,"column":6},"end":{"line":61,"column":98}},"25":{"start":{"line":65,"column":4},"end":{"line":81,"column":5}}},"fnMap":{"0":{"name":"(anonymous_0)","decl":{"start":{"line":7,"column":2},"end":{"line":7,"column":3}},"loc":{"start":{"line":7,"column":20},"end":{"line":18,"column":3}},"line":7},"1":{"name":"(anonymous_1)","decl":{"start":{"line":20,"column":2},"end":{"line":20,"column":3}},"loc":{"start":{"line":20,"column":28},"end":{"line":31,"column":3}},"line":20},"2":{"name":"(anonymous_2)","decl":{"start":{"line":22,"column":10},"end":{"line":22,"column":11}},"loc":{"start":{"line":22,"column":22},"end":{"line":24,"column":5}},"line":22},"3":{"name":"(anonymous_3)","decl":{"start":{"line":24,"column":12},"end":{"line":24,"column":13}},"loc":{"start":{"line":24,"column":26},"end":{"line":28,"column":5}},"line":24},"4":{"name":"(anonymous_4)","decl":{"start":{"line":28,"column":13},"end":{"line":28,"column":14}},"loc":{"start":{"line":28,"column":23},"end":{"line":30,"column":5}},"line":28},"5":{"name":"(anonymous_5)","decl":{"start":{"line":33,"column":2},"end":{"line":33,"column":3}},"loc":{"start":{"line":33,"column":33},"end":{"line":46,"column":3}},"line":33},"6":{"name":"(anonymous_6)","decl":{"start":{"line":36,"column":10},"end":{"line":36,"column":11}},"loc":{"start":{"line":36,"column":22},"end":{"line":38,"column":5}},"line":36},"7":{"name":"(anonymous_7)","decl":{"start":{"line":38,"column":12},"end":{"line":38,"column":13}},"loc":{"start":{"line":38,"column":26},"end":{"line":43,"column":5}},"line":38},"8":{"name":"(anonymous_8)","decl":{"start":{"line":43,"column":13},"end":{"line":43,"column":14}},"loc":{"start":{"line":43,"column":23},"end":{"line":45,"column":5}},"line":43},"9":{"name":"(anonymous_9)","decl":{"start":{"line":48,"column":2},"end":{"line":48,"column":3}},"loc":{"start":{"line":48,"column":14},"end":{"line":52,"column":3}},"line":48},"10":{"name":"(anonymous_10)","decl":{"start":{"line":50,"column":10},"end":{"line":50,"column":11}},"loc":{"start":{"line":50,"column":22},"end":{"line":50,"column":37}},"line":50},"11":{"name":"(anonymous_11)","decl":{"start":{"line":51,"column":10},"end":{"line":51,"column":11}},"loc":{"start":{"line":51,"column":19},"end":{"line":51,"column":43}},"line":51},"12":{"name":"(anonymous_12)","decl":{"start":{"line":54,"column":2},"end":{"line":54,"column":3}},"loc":{"start":{"line":54,"column":10},"end":{"line":82,"column":3}},"line":54},"13":{"name":"(anonymous_13)","decl":{"start":{"line":60,"column":33},"end":{"line":60,"column":34}},"loc":{"start":{"line":60,"column":42},"end":{"line":62,"column":5}},"line":60}},"branchMap":{"0":{"loc":{"start":{"line":55,"column":18},"end":{"line":55,"column":77}},"type":"cond-expr","locations":[{"start":{"line":55,"column":37},"end":{"line":55,"column":70}},{"start":{"line":55,"column":73},"end":{"line":55,"column":77}}],"line":55},"1":{"loc":{"start":{"line":59,"column":22},"end":{"line":59,"column":86}},"type":"cond-expr","locations":[{"start":{"line":59,"column":45},"end":{"line":59,"column":79}},{"start":{"line":59,"column":82},"end":{"line":59,"column":86}}],"line":59}},"s":{"0":2,"1":2,"2":2,"3":2,"4":2,"5":0,"6":0,"7":0,"8":0,"9":0,"10":0,"11":0,"12":0,"13":0,"14":0,"15":0,"16":0,"17":0,"18":0,"19":0,"20":2,"21":2,"22":2,"23":2,"24":0,"25":2},"f":{"0":2,"1":0,"2":0,"3":0,"4":0,"5":0,"6":0,"7":0,"8":0,"9":0,"10":0,"11":0,"12":2,"13":0},"b":{"0":[0,2],"1":[2,0]},"_coverageSchema":"332fd63041d2c1bcb487cc26dd0d5f7d97098a6c","hash":"6d4a55de2e4438dd9e89d2cf5cfb69bb8e212b16"}
,"/Users/matpind/workspace/react-cinema/src/MovieDetails.js": {"path":"/Users/matpind/workspace/react-cinema/src/MovieDetails.js","statementMap":{"0":{"start":{"line":5,"column":4},"end":{"line":16,"column":3}}},"fnMap":{"0":{"name":"(anonymous_0)","decl":{"start":{"line":4,"column":2},"end":{"line":4,"column":3}},"loc":{"start":{"line":4,"column":10},"end":{"line":17,"column":3}},"line":4}},"branchMap":{},"s":{"0":1},"f":{"0":1},"b":{},"_coverageSchema":"332fd63041d2c1bcb487cc26dd0d5f7d97098a6c","hash":"31a9b4d44620af75c3f5d053ab3029e510bc4b07"}
,"/Users/matpind/workspace/react-cinema/src/Result.js": {"path":"/Users/matpind/workspace/react-cinema/src/Result.js","statementMap":{"0":{"start":{"line":6,"column":4},"end":{"line":6,"column":17}},"1":{"start":{"line":7,"column":4},"end":{"line":9,"column":5}},"2":{"start":{"line":10,"column":2},"end":{"line":10,"column":59}},"3":{"start":{"line":15,"column":16},"end":{"line":15,"column":38}},"4":{"start":{"line":16,"column":4},"end":{"line":16,"column":41}},"5":{"start":{"line":17,"column":4},"end":{"line":17,"column":31}},"6":{"start":{"line":18,"column":4},"end":{"line":18,"column":23}},"7":{"start":{"line":23,"column":20},"end":{"line":23,"column":30}},"8":{"start":{"line":24,"column":4},"end":{"line":34,"column":5}}},"fnMap":{"0":{"name":"(anonymous_0)","decl":{"start":{"line":5,"column":2},"end":{"line":5,"column":3}},"loc":{"start":{"line":5,"column":20},"end":{"line":11,"column":3}},"line":5},"1":{"name":"(anonymous_1)","decl":{"start":{"line":14,"column":2},"end":{"line":14,"column":3}},"loc":{"start":{"line":14,"column":25},"end":{"line":19,"column":3}},"line":14},"2":{"name":"(anonymous_2)","decl":{"start":{"line":22,"column":2},"end":{"line":22,"column":3}},"loc":{"start":{"line":22,"column":11},"end":{"line":35,"column":3}},"line":22}},"branchMap":{},"s":{"0":1,"1":1,"2":1,"3":0,"4":0,"5":0,"6":0,"7":1,"8":1},"f":{"0":1,"1":0,"2":1},"b":{},"_coverageSchema":"332fd63041d2c1bcb487cc26dd0d5f7d97098a6c","hash":"b965f71814a5c6a613d370a0e6e1bdb5bee824a0"}
,"/Users/matpind/workspace/react-cinema/src/SearchForm.js": {"path":"/Users/matpind/workspace/react-cinema/src/SearchForm.js","statementMap":{"0":{"start":{"line":5,"column":4},"end":{"line":5,"column":17}},"1":{"start":{"line":6,"column":4},"end":{"line":8,"column":5}},"2":{"start":{"line":10,"column":4},"end":{"line":10,"column":53}},"3":{"start":{"line":11,"column":4},"end":{"line":11,"column":51}},"4":{"start":{"line":15,"column":22},"end":{"line":15,"column":40}},"5":{"start":{"line":16,"column":4},"end":{"line":18,"column":7}},"6":{"start":{"line":19,"column":4},"end":{"line":19,"column":40}},"7":{"start":{"line":24,"column":4},"end":{"line":24,"column":27}},"8":{"start":{"line":25,"column":22},"end":{"line":25,"column":44}},"9":{"start":{"line":26,"column":4},"end":{"line":26,"column":37}},"10":{"start":{"line":27,"column":4},"end":{"line":27,"column":29}},"11":{"start":{"line":32,"column":4},"end":{"line":47,"column":6}}},"fnMap":{"0":{"name":"(anonymous_0)","decl":{"start":{"line":4,"column":2},"end":{"line":4,"column":3}},"loc":{"start":{"line":4,"column":20},"end":{"line":12,"column":3}},"line":4},"1":{"name":"(anonymous_1)","decl":{"start":{"line":14,"column":2},"end":{"line":14,"column":3}},"loc":{"start":{"line":14,"column":21},"end":{"line":20,"column":3}},"line":14},"2":{"name":"(anonymous_2)","decl":{"start":{"line":23,"column":2},"end":{"line":23,"column":3}},"loc":{"start":{"line":23,"column":20},"end":{"line":28,"column":3}},"line":23},"3":{"name":"(anonymous_3)","decl":{"start":{"line":31,"column":2},"end":{"line":31,"column":3}},"loc":{"start":{"line":31,"column":10},"end":{"line":48,"column":3}},"line":31}},"branchMap":{},"s":{"0":4,"1":4,"2":4,"3":4,"4":1,"5":1,"6":1,"7":1,"8":1,"9":1,"10":1,"11":6},"f":{"0":4,"1":1,"2":1,"3":6},"b":{},"_coverageSchema":"332fd63041d2c1bcb487cc26dd0d5f7d97098a6c","hash":"603a04bf5b6a51f71159341966fc54b7ee237e57"}
,"/Users/matpind/workspace/react-cinema/tests/setup.js": {"path":"/Users/matpind/workspace/react-cinema/tests/setup.js","statementMap":{"0":{"start":{"line":4,"column":0},"end":{"line":4,"column":43}}},"fnMap":{},"branchMap":{},"s":{"0":3},"f":{},"b":{},"_coverageSchema":"332fd63041d2c1bcb487cc26dd0d5f7d97098a6c","hash":"e09224113719a16a46cef23ea90c4c778b8508e6"}
}
