TN:
SF:/Users/matpind/workspace/react-cinema/src/App.js
FN:7,(anonymous_0)
FN:20,(anonymous_1)
FN:22,(anonymous_2)
FN:24,(anonymous_3)
FN:28,(anonymous_4)
FN:33,(anonymous_5)
FN:36,(anonymous_6)
FN:38,(anonymous_7)
FN:43,(anonymous_8)
FN:48,(anonymous_9)
FN:50,(anonymous_10)
FN:51,(anonymous_11)
FN:54,(anonymous_12)
FN:60,(anonymous_13)
FNF:14
FNH:2
FNDA:2,(anonymous_0)
FNDA:0,(anonymous_1)
FNDA:0,(anonymous_2)
FNDA:0,(anonymous_3)
FNDA:0,(anonymous_4)
FNDA:0,(anonymous_5)
FNDA:0,(anonymous_6)
FNDA:0,(anonymous_7)
FNDA:0,(anonymous_8)
FNDA:0,(anonymous_9)
FNDA:0,(anonymous_10)
FNDA:0,(anonymous_11)
FNDA:2,(anonymous_12)
FNDA:0,(anonymous_13)
DA:8,2
DA:9,2
DA:15,2
DA:16,2
DA:17,2
DA:21,0
DA:23,0
DA:25,0
DA:26,0
DA:29,0
DA:34,0
DA:35,0
DA:37,0
DA:39,0
DA:40,0
DA:41,0
DA:44,0
DA:49,0
DA:50,0
DA:51,0
DA:55,2
DA:57,2
DA:59,2
DA:60,2
DA:61,0
DA:65,2
LF:26
LH:10
BRDA:55,0,0,0
BRDA:55,0,1,2
BRDA:59,1,0,2
BRDA:59,1,1,0
BRF:4
BRH:2
end_of_record
TN:
SF:/Users/matpind/workspace/react-cinema/src/MovieDetails.js
FN:4,(anonymous_0)
FNF:1
FNH:1
FNDA:1,(anonymous_0)
DA:5,1
LF:1
LH:1
BRF:0
BRH:0
end_of_record
TN:
SF:/Users/matpind/workspace/react-cinema/src/Result.js
FN:5,(anonymous_0)
FN:14,(anonymous_1)
FN:22,(anonymous_2)
FNF:3
FNH:2
FNDA:1,(anonymous_0)
FNDA:0,(anonymous_1)
FNDA:1,(anonymous_2)
DA:6,1
DA:7,1
DA:10,1
DA:15,0
DA:16,0
DA:17,0
DA:18,0
DA:23,1
DA:24,1
LF:9
LH:5
BRF:0
BRH:0
end_of_record
TN:
SF:/Users/matpind/workspace/react-cinema/src/SearchForm.js
FN:4,(anonymous_0)
FN:14,(anonymous_1)
FN:23,(anonymous_2)
FN:31,(anonymous_3)
FNF:4
FNH:4
FNDA:4,(anonymous_0)
FNDA:1,(anonymous_1)
FNDA:1,(anonymous_2)
FNDA:6,(anonymous_3)
DA:5,4
DA:6,4
DA:10,4
DA:11,4
DA:15,1
DA:16,1
DA:19,1
DA:24,1
DA:25,1
DA:26,1
DA:27,1
DA:32,6
LF:12
LH:12
BRF:0
BRH:0
end_of_record
TN:
SF:/Users/matpind/workspace/react-cinema/tests/setup.js
FNF:0
FNH:0
DA:4,3
LF:1
LH:1
BRF:0
BRH:0
end_of_record
